2024-01-25 16:15:44:1544 - [32minfo[39m: [32mAplicação rodando na porta: 3000[39m
2024-01-25 16:16:54:1654 - [32minfo[39m: [32mConexão com Banco de Dados[39m
2024-01-25 16:16:54:1654 - [32minfo[39m: [32mAplicação rodando na porta: 3000[39m
2024-01-25 16:18:10:1810 - [32minfo[39m: [32mAplicação rodando na porta: 3000[39m
2024-01-25 16:19:10:1910 - [32minfo[39m: [32mConexão com Banco de Dados[39m
2024-01-25 16:19:10:1910 - [32minfo[39m: [32mAplicação rodando na porta: 3000[39m
2024-01-25 16:21:35:2135 - [32minfo[39m: [32mConexão com Banco de Dados[39m
2024-01-25 16:21:35:2135 - [32minfo[39m: [32mAplicação rodando na porta: 3000[39m
2024-01-25 16:22:03:223 - [31merror[39m: [31mNão foi possivel conectar[39m
2024-01-25 16:22:03:223 - [31merror[39m: [31mErro: Error: querySrv ENOTFOUND _mongodb._tcp.cluster0.6jpdhlq.mongodd.net[39m
2024-01-25 16:22:03:223 - [32minfo[39m: [32mAplicação rodando na porta: 3000[39m
2024-01-25 16:22:12:2212 - [32minfo[39m: [32mConexão com Banco de Dados[39m
2024-01-25 16:22:12:2212 - [32minfo[39m: [32mAplicação rodando na porta: 3000[39m
2024-01-25 16:23:03:233 - [32minfo[39m: [32mConexão com Banco de Dados[39m
2024-01-25 16:23:03:233 - [32minfo[39m: [32mAplicação rodando na porta: 3000[39m
2024-01-25 16:24:45:2445 - [31merror[39m: [31mNão foi possivel conectar[39m
2024-01-25 16:25:04:254 - [32minfo[39m: [32mConexão com Banco de Dados[39m
2024-01-25 16:25:04:254 - [32minfo[39m: [32mAplicação rodando na porta: 3000[39m
2024-01-26 22:12:05:125 - [32minfo[39m: [32mConexão com Banco de Dados[39m
2024-01-26 22:12:05:125 - [32minfo[39m: [32mAplicação rodando na porta: 3000[39m
2024-01-26 22:35:37:3537 - [32minfo[39m: [32mConexão com Banco de Dados[39m
2024-01-26 22:35:37:3537 - [32minfo[39m: [32mAplicação rodando na porta: 3000[39m
2024-01-26 22:36:49:3649 - [32minfo[39m: [32mConexão com Banco de Dados[39m
2024-01-26 22:36:49:3649 - [32minfo[39m: [32mAplicação rodando na porta: 3000[39m
2024-01-26 22:36:57:3657 - [32minfo[39m: [32mConexão com Banco de Dados[39m
2024-01-26 22:36:57:3657 - [32minfo[39m: [32mAplicação rodando na porta: 3000[39m
2024-01-26 22:37:37:3737 - [32minfo[39m: [32mConexão com Banco de Dados[39m
2024-01-26 22:37:37:3737 - [32minfo[39m: [32mAplicação rodando na porta: 3000[39m
2024-01-26 22:38:44:3844 - [35mhttp[39m: [35mGET /api/test 200 - - 3.942 ms[39m
[35m[39m
2024-01-26 22:38:44:3844 - [32minfo[39m: [32mConexão com Banco de Dados[39m
2024-01-26 22:38:44:3844 - [32minfo[39m: [32mAplicação rodando na porta: 3000[39m
2024-01-26 22:39:40:3940 - [35mhttp[39m: [35mGET /api/test 200 - - 1.112 ms[39m
[35m[39m
2024-01-26 22:39:45:3945 - [35mhttp[39m: [35mGET /api/tests 404 - - 2.908 ms[39m
[35m[39m
2024-01-26 22:39:50:3950 - [35mhttp[39m: [35mGET /api/test 200 - - 2.027 ms[39m
[35m[39m
2024-01-27 12:58:04:584 - [32minfo[39m: [32mConexão com Banco de Dados[39m
2024-01-27 12:58:04:584 - [32minfo[39m: [32mAplicação rodando na porta: 3000[39m
2024-01-27 13:48:59:4859 - [32minfo[39m: [32mConexão com Banco de Dados[39m
2024-01-27 13:48:59:4859 - [32minfo[39m: [32mAplicação rodando na porta: 3000[39m
2024-01-27 13:50:59:5059 - [35mhttp[39m: [35mPOST /api//movie 200 - - 4.093 ms[39m
[35m[39m
2024-01-27 15:28:18:2818 - [35mhttp[39m: [35mGET /api/test 200 - - 0.785 ms[39m
[35m[39m
2024-01-27 15:28:33:2833 - [32minfo[39m: [32mConexão com Banco de Dados[39m
2024-01-27 15:28:33:2833 - [32minfo[39m: [32mAplicação rodando na porta: 3000[39m
2024-01-27 15:28:36:2836 - [35mhttp[39m: [35mGET /api/test 200 - - 4.447 ms[39m
[35m[39m
2024-01-27 15:28:39:2839 - [35mhttp[39m: [35mGET /api/test 200 - - 0.670 ms[39m
[35m[39m
2024-01-27 15:28:45:2845 - [35mhttp[39m: [35mGET /api/test 200 - - 0.566 ms[39m
[35m[39m
2024-01-27 15:29:27:2927 - [35mhttp[39m: [35mPOST /api//movie 201 - - 40.393 ms[39m
[35m[39m
2024-01-27 16:16:38:1638 - [32minfo[39m: [32mConexão com Banco de Dados[39m
2024-01-27 16:16:38:1638 - [32minfo[39m: [32mAplicação rodando na porta: 3000[39m
2024-01-27 16:18:40:1840 - [35mhttp[39m: [35mPOST /api//movie 201 - - 48.861 ms[39m
[35m[39m
2024-01-27 18:25:00:250 - [32minfo[39m: [32mConexão com Banco de Dados[39m
2024-01-27 18:25:00:250 - [32minfo[39m: [32mAplicação rodando na porta: 3000[39m
2024-01-27 18:25:12:2512 - [32minfo[39m: [32mConexão com Banco de Dados[39m
2024-01-27 18:25:12:2512 - [32minfo[39m: [32mAplicação rodando na porta: 3000[39m
2024-01-27 18:25:33:2533 - [35mhttp[39m: [35mPOST /api//movie 422 - - 8.503 ms[39m
[35m[39m
2024-01-27 18:27:47:2747 - [32minfo[39m: [32mConexão com Banco de Dados[39m
2024-01-27 18:27:47:2747 - [32minfo[39m: [32mAplicação rodando na porta: 3000[39m
2024-01-27 18:28:02:282 - [35mhttp[39m: [35mPOST /api//movie 422 - - 8.786 ms[39m
[35m[39m
2024-01-27 18:28:18:2818 - [35mhttp[39m: [35mPOST /api//movie 422 - - 1.414 ms[39m
[35m[39m
2024-01-27 18:29:00:290 - [35mhttp[39m: [35mPOST /api//movie 422 - - 2.037 ms[39m
[35m[39m
2024-01-27 18:33:23:3323 - [32minfo[39m: [32mConexão com Banco de Dados[39m
2024-01-27 18:33:23:3323 - [32minfo[39m: [32mAplicação rodando na porta: 3000[39m
2024-01-27 18:41:25:4125 - [32minfo[39m: [32mConexão com Banco de Dados[39m
2024-01-27 18:41:25:4125 - [32minfo[39m: [32mAplicação rodando na porta: 3000[39m
2024-01-27 18:41:27:4127 - [35mhttp[39m: [35mPOST /api//movie 422 - - 6.577 ms[39m
[35m[39m
2024-01-27 18:44:37:4437 - [32minfo[39m: [32mConexão com Banco de Dados[39m
2024-01-27 18:44:37:4437 - [32minfo[39m: [32mAplicação rodando na porta: 3000[39m
2024-01-27 18:44:37:4437 - [35mhttp[39m: [35mPOST /api//movie 422 - - 12.559 ms[39m
[35m[39m
2024-01-27 18:44:39:4439 - [35mhttp[39m: [35mPOST /api//movie 422 - - 1.977 ms[39m
[35m[39m
2024-01-27 18:48:49:4849 - [32minfo[39m: [32mConexão com Banco de Dados[39m
2024-01-27 18:48:49:4849 - [32minfo[39m: [32mAplicação rodando na porta: 3000[39m
2024-01-27 18:52:46:5246 - [32minfo[39m: [32mConexão com Banco de Dados[39m
2024-01-27 18:52:46:5246 - [32minfo[39m: [32mAplicação rodando na porta: 3000[39m
2024-01-27 18:53:33:5333 - [35mhttp[39m: [35mPOST /api//movie 422 - - 7.155 ms[39m
[35m[39m
2024-01-27 19:01:06:16 - [32minfo[39m: [32mConexão com Banco de Dados[39m
2024-01-27 19:01:06:16 - [32minfo[39m: [32mAplicação rodando na porta: 3000[39m
2024-01-27 19:03:28:328 - [32minfo[39m: [32mConexão com Banco de Dados[39m
2024-01-27 19:03:28:328 - [32minfo[39m: [32mAplicação rodando na porta: 3000[39m
2024-01-27 19:04:46:446 - [32minfo[39m: [32mConexão com Banco de Dados[39m
2024-01-27 19:04:46:446 - [32minfo[39m: [32mAplicação rodando na porta: 3000[39m
2024-01-27 19:08:26:826 - [35mhttp[39m: [35mPOST /api//movie 422 - - 12.205 ms[39m
[35m[39m
2024-01-27 19:08:40:840 - [35mhttp[39m: [35mPOST /api//movie 201 - - 46.893 ms[39m
[35m[39m
2024-01-27 23:20:37:2037 - [32minfo[39m: [32mConexão com Banco de Dados[39m
2024-01-27 23:20:37:2037 - [32minfo[39m: [32mAplicação rodando na porta: 3000[39m
2024-01-27 23:24:09:249 - [32minfo[39m: [32mConexão com Banco de Dados[39m
2024-01-27 23:24:09:249 - [32minfo[39m: [32mAplicação rodando na porta: 3000[39m
2024-01-27 23:25:44:2544 - [32minfo[39m: [32mConexão com Banco de Dados[39m
2024-01-27 23:25:44:2544 - [32minfo[39m: [32mAplicação rodando na porta: 3000[39m
2024-01-27 23:26:12:2612 - [31merror[39m: [31mErro no sistema Cast to ObjectId failed for value ":1" (type string) at path "_id" for model "Movie"[39m
2024-01-27 23:26:28:2628 - [35mhttp[39m: [35mGET /api//movie/:1 - - - - ms[39m
[35m[39m
2024-01-27 23:26:29:2629 - [31merror[39m: [31mErro no sistema Cast to ObjectId failed for value "1" (type string) at path "_id" for model "Movie"[39m
2024-01-27 23:26:39:2639 - [35mhttp[39m: [35mGET /api//movie/1 - - - - ms[39m
[35m[39m
2024-01-27 23:26:45:2645 - [32minfo[39m: [32mConexão com Banco de Dados[39m
2024-01-27 23:26:45:2645 - [32minfo[39m: [32mAplicação rodando na porta: 3000[39m
2024-01-27 23:28:08:288 - [35mhttp[39m: [35mGET /api//movie/65b57ee820cf3d858c36062c - - - - ms[39m
[35m[39m
2024-01-27 23:28:27:2827 - [32minfo[39m: [32mConexão com Banco de Dados[39m
2024-01-27 23:28:27:2827 - [32minfo[39m: [32mAplicação rodando na porta: 3000[39m
2024-01-27 23:28:33:2833 - [32minfo[39m: [32mConexão com Banco de Dados[39m
2024-01-27 23:28:33:2833 - [32minfo[39m: [32mAplicação rodando na porta: 3000[39m
2024-01-27 23:29:19:2919 - [35mhttp[39m: [35mGET /api//movie/65b57ee820cf3d858c36062c - - - - ms[39m
[35m[39m
2024-01-27 23:29:28:2928 - [35mhttp[39m: [35mGET /api//movie/65b57ee820cf3d858c36062c - - - - ms[39m
[35m[39m
2024-01-27 23:30:29:3029 - [35mhttp[39m: [35mPOST /api//movie 201 - - 68.096 ms[39m
[35m[39m
2024-01-27 23:32:00:320 - [32minfo[39m: [32mConexão com Banco de Dados[39m
2024-01-27 23:32:00:320 - [32minfo[39m: [32mAplicação rodando na porta: 3000[39m
2024-01-27 23:32:12:3212 - [35mhttp[39m: [35mGET /api//movie/65b57ee820cf3d858c36062c - - - - ms[39m
[35m[39m
2024-01-27 23:32:42:3242 - [35mhttp[39m: [35mGET /api/movie/65b57ee820cf3d858c36062c - - - - ms[39m
[35m[39m
2024-01-27 23:32:45:3245 - [35mhttp[39m: [35mGET /api/movie/65b57ee820cf3d858c36062c - - - - ms[39m
[35m[39m
2024-01-27 23:32:47:3247 - [35mhttp[39m: [35mGET /api/movie/65b57ee820cf3d858c36062c - - - - ms[39m
[35m[39m
2024-01-27 23:33:33:3333 - [32minfo[39m: [32mConexão com Banco de Dados[39m
2024-01-27 23:33:33:3333 - [32minfo[39m: [32mAplicação rodando na porta: 3000[39m
2024-01-27 23:34:05:345 - [32minfo[39m: [32mConexão com Banco de Dados[39m
2024-01-27 23:34:05:345 - [32minfo[39m: [32mAplicação rodando na porta: 3000[39m
2024-01-27 23:34:31:3431 - [35mhttp[39m: [35mGET /api/movie/65b57ee820cf3d858c36062c - - - - ms[39m
[35m[39m
2024-01-27 23:34:34:3434 - [31merror[39m: [31mErro no sistema Cast to ObjectId failed for value "1" (type string) at path "_id" for model "Movie"[39m
2024-01-27 23:34:43:3443 - [35mhttp[39m: [35mGET /api/movie/1 - - - - ms[39m
[35m[39m
2024-01-27 23:35:50:3550 - [35mhttp[39m: [35mGET /api/movie/65b57ee820cf3d858c36062c - - - - ms[39m
[35m[39m
2024-01-27 23:36:00:360 - [32minfo[39m: [32mConexão com Banco de Dados[39m
2024-01-27 23:36:00:360 - [32minfo[39m: [32mAplicação rodando na porta: 3000[39m
2024-01-27 23:36:03:363 - [35mhttp[39m: [35mGET /api/movie/65b57ee820cf3d858c36062c - - - - ms[39m
[35m[39m
2024-01-27 23:36:52:3652 - [32minfo[39m: [32mConexão com Banco de Dados[39m
2024-01-27 23:36:52:3652 - [32minfo[39m: [32mAplicação rodando na porta: 3000[39m
2024-01-27 23:36:55:3655 - [35mhttp[39m: [35mGET /api/movie/65b57ee820cf3d858c36062c - - - - ms[39m
[35m[39m
2024-01-27 23:37:11:3711 - [32minfo[39m: [32mConexão com Banco de Dados[39m
2024-01-27 23:37:11:3711 - [32minfo[39m: [32mAplicação rodando na porta: 3000[39m
2024-01-27 23:37:13:3713 - [35mhttp[39m: [35mGET /api/movie/65b57ee820cf3d858c36062c 404 - - 4.781 ms[39m
[35m[39m
2024-01-27 23:37:41:3741 - [32minfo[39m: [32mConexão com Banco de Dados[39m
2024-01-27 23:37:41:3741 - [32minfo[39m: [32mAplicação rodando na porta: 3000[39m
2024-01-27 23:37:50:3750 - [35mhttp[39m: [35mGET /api/movie/65b57ee820cf3d858c36062c - - - - ms[39m
[35m[39m
2024-01-27 23:38:19:3819 - [32minfo[39m: [32mConexão com Banco de Dados[39m
2024-01-27 23:38:19:3819 - [32minfo[39m: [32mAplicação rodando na porta: 3000[39m
2024-01-27 23:38:23:3823 - [35mhttp[39m: [35mGET /api/movie/65b57ee820cf3d858c36062c - - - - ms[39m
[35m[39m
2024-01-27 23:38:27:3827 - [31merror[39m: [31mErro no sistema: Cast to ObjectId failed for value "65b57ee820cf3d858c36062" (type string) at path "_id" for model "Movie"[39m
2024-01-27 23:38:41:3841 - [35mhttp[39m: [35mGET /api/movie/65b57ee820cf3d858c36062 - - - - ms[39m
[35m[39m
2024-01-27 23:38:44:3844 - [35mhttp[39m: [35mGET /api/movie/65b57ee820cf3d858c36062c - - - - ms[39m
[35m[39m
2024-01-27 23:39:08:398 - [32minfo[39m: [32mConexão com Banco de Dados[39m
2024-01-27 23:39:08:398 - [32minfo[39m: [32mAplicação rodando na porta: 3000[39m
2024-01-27 23:39:13:3913 - [35mhttp[39m: [35mGET /api/movie/65b57ee820cf3d858c36062c - - - - ms[39m
[35m[39m
2024-01-27 23:39:22:3922 - [32minfo[39m: [32mConexão com Banco de Dados[39m
2024-01-27 23:39:22:3922 - [32minfo[39m: [32mAplicação rodando na porta: 3000[39m
2024-01-27 23:40:43:4043 - [32minfo[39m: [32mConexão com Banco de Dados[39m
2024-01-27 23:40:43:4043 - [32minfo[39m: [32mAplicação rodando na porta: 3000[39m
2024-01-27 23:40:47:4047 - [32minfo[39m: [32mConexão com Banco de Dados[39m
2024-01-27 23:40:47:4047 - [32minfo[39m: [32mAplicação rodando na porta: 3000[39m
2024-01-27 23:40:51:4051 - [35mhttp[39m: [35mGET /api/movie/65b57ee820cf3d858c36062c 404 - - 22.660 ms[39m
[35m[39m
2024-01-27 23:41:30:4130 - [35mhttp[39m: [35mGET /api/movie/65b57ee820cf3d858c36062c 404 - - 12.668 ms[39m
[35m[39m
2024-01-27 23:41:46:4146 - [35mhttp[39m: [35mGET /api/movie/_65b57ee820cf3d858c36062c 404 - - 18.580 ms[39m
[35m[39m
2024-01-27 23:41:49:4149 - [35mhttp[39m: [35mGET /api/movie/_65b57ee820cf3d858c36062c 404 - - 10.413 ms[39m
[35m[39m
2024-01-27 23:41:55:4155 - [35mhttp[39m: [35mGET /api/movie/65b57ee820cf3d858c36062c 404 - - 10.158 ms[39m
[35m[39m
2024-01-27 23:42:02:422 - [32minfo[39m: [32mConexão com Banco de Dados[39m
2024-01-27 23:42:02:422 - [32minfo[39m: [32mAplicação rodando na porta: 3000[39m
2024-01-27 23:42:04:424 - [35mhttp[39m: [35mGET /api/movie/65b57ee820cf3d858c36062c - - - - ms[39m
[35m[39m
2024-01-27 23:42:59:4259 - [32minfo[39m: [32mConexão com Banco de Dados[39m
2024-01-27 23:42:59:4259 - [32minfo[39m: [32mAplicação rodando na porta: 3000[39m
2024-01-27 23:43:02:432 - [35mhttp[39m: [35mGET /api/movie/65b57ee820cf3d858c36062c - - - - ms[39m
[35m[39m
2024-01-27 23:43:04:434 - [35mhttp[39m: [35mGET /api/movie/65b57ee820cf3d858c36062c - - - - ms[39m
[35m[39m
2024-01-27 23:43:55:4355 - [32minfo[39m: [32mConexão com Banco de Dados[39m
2024-01-27 23:43:55:4355 - [32minfo[39m: [32mAplicação rodando na porta: 3000[39m
2024-01-27 23:43:57:4357 - [35mhttp[39m: [35mGET /api/movie/65b57ee820cf3d858c36062c 404 - - 23.903 ms[39m
[35m[39m
2024-01-27 23:43:58:4358 - [35mhttp[39m: [35mGET /api/movie/65b57ee820cf3d858c36062c 404 - - 11.099 ms[39m
[35m[39m
2024-01-27 23:43:59:4359 - [35mhttp[39m: [35mGET /api/movie/65b57ee820cf3d858c36062c 404 - - 14.866 ms[39m
[35m[39m
2024-01-27 23:44:12:4412 - [35mhttp[39m: [35mGET /api/movie/65b557103680c4a50a0bdbee 404 - - 14.757 ms[39m
[35m[39m
2024-01-27 23:44:30:4430 - [32minfo[39m: [32mConexão com Banco de Dados[39m
2024-01-27 23:44:30:4430 - [32minfo[39m: [32mAplicação rodando na porta: 3000[39m
2024-01-27 23:44:35:4435 - [35mhttp[39m: [35mGET /api/movie/65b557103680c4a50a0bdbee - - - - ms[39m
[35m[39m
2024-01-27 23:44:39:4439 - [31merror[39m: [31mErro no sistema: Cast to ObjectId failed for value "_65b557103680c4a50a0bdbee" (type string) at path "_id" for model "Movie"[39m
2024-01-27 23:44:41:4441 - [35mhttp[39m: [35mGET /api/movie/_65b557103680c4a50a0bdbee - - - - ms[39m
[35m[39m
2024-01-27 23:44:48:4448 - [35mhttp[39m: [35mGET /api/movie/65b557103680c4a50a0bdbee - - - - ms[39m
[35m[39m
2024-01-27 23:44:57:4457 - [32minfo[39m: [32mConexão com Banco de Dados[39m
2024-01-27 23:44:57:4457 - [32minfo[39m: [32mAplicação rodando na porta: 3000[39m
2024-01-27 23:45:01:451 - [35mhttp[39m: [35mGET /api/movie/65b557103680c4a50a0bdbee 404 - - 26.114 ms[39m
[35m[39m
2024-01-27 23:45:02:452 - [35mhttp[39m: [35mGET /api/movie/65b557103680c4a50a0bdbee 404 - - 12.063 ms[39m
[35m[39m
2024-01-27 23:45:21:4521 - [35mhttp[39m: [35mGET /api/movie/65b57ee820cf3d858c36062c 404 - - 17.004 ms[39m
[35m[39m
2024-01-27 23:45:22:4522 - [35mhttp[39m: [35mGET /api/movie/65b57ee820cf3d858c36062c 404 - - 13.839 ms[39m
[35m[39m
2024-01-27 23:45:33:4533 - [32minfo[39m: [32mConexão com Banco de Dados[39m
2024-01-27 23:45:33:4533 - [32minfo[39m: [32mAplicação rodando na porta: 3000[39m
2024-01-27 23:45:40:4540 - [32minfo[39m: [32mConexão com Banco de Dados[39m
2024-01-27 23:45:40:4540 - [32minfo[39m: [32mAplicação rodando na porta: 3000[39m
2024-01-27 23:45:42:4542 - [35mhttp[39m: [35mGET /api/movie/65b57ee820cf3d858c36062c 404 - - 3.861 ms[39m
[35m[39m
2024-01-27 23:48:02:482 - [32minfo[39m: [32mConexão com Banco de Dados[39m
2024-01-27 23:48:02:482 - [32minfo[39m: [32mAplicação rodando na porta: 3000[39m
2024-01-27 23:48:04:484 - [35mhttp[39m: [35mGET /api/movie/65b57ee820cf3d858c36062c 200 - - 26.436 ms[39m
[35m[39m
2024-01-27 23:49:43:4943 - [32minfo[39m: [32mConexão com Banco de Dados[39m
2024-01-27 23:49:43:4943 - [32minfo[39m: [32mAplicação rodando na porta: 3000[39m
2024-01-27 23:49:52:4952 - [35mhttp[39m: [35mGET /api/movie/65b57ee820cf3d858c36062c - - - - ms[39m
[35m[39m
2024-01-27 23:50:04:504 - [35mhttp[39m: [35mGET /api/movie/65b57ee820cf3d858c36062c - - - - ms[39m
[35m[39m
2024-01-27 23:51:55:5155 - [32minfo[39m: [32mConexão com Banco de Dados[39m
2024-01-27 23:51:55:5155 - [32minfo[39m: [32mAplicação rodando na porta: 3000[39m
2024-01-27 23:51:57:5157 - [35mhttp[39m: [35mGET /api/movie/65b57ee820cf3d858c36062c 200 - - 32.904 ms[39m
[35m[39m
2024-01-27 23:51:59:5159 - [35mhttp[39m: [35mGET /api/movie/65b57ee820cf3d858c36062c 200 - - 16.196 ms[39m
[35m[39m
2024-01-27 23:52:02:522 - [31merror[39m: [31mErro no sistema: Cast to ObjectId failed for value "65b57ee820cf3d858c36062" (type string) at path "_id" for model "Movie"[39m
2024-01-27 23:52:05:525 - [35mhttp[39m: [35mGET /api/movie/65b57ee820cf3d858c36062 - - - - ms[39m
[35m[39m
2024-01-27 23:52:08:528 - [35mhttp[39m: [35mGET /api/movie/65b57ee820cf3d858c36062c 200 - - 17.740 ms[39m
[35m[39m
2024-01-27 23:52:26:5226 - [32minfo[39m: [32mConexão com Banco de Dados[39m
2024-01-27 23:52:26:5226 - [32minfo[39m: [32mAplicação rodando na porta: 3000[39m
2024-01-27 23:52:30:5230 - [35mhttp[39m: [35mGET /api/movie/65b57ee820cf3d858c36062c 200 - - 32.137 ms[39m
[35m[39m
2024-01-27 23:52:31:5231 - [35mhttp[39m: [35mGET /api/movie/65b57ee820cf3d858c36062c 200 - - 14.077 ms[39m
[35m[39m
2024-01-27 23:52:35:5235 - [31merror[39m: [31mErro no sistema: Cast to ObjectId failed for value "65b57ee820cf3d858c36062" (type string) at path "_id" for model "Movie"[39m
2024-01-27 23:52:40:5240 - [35mhttp[39m: [35mGET /api/movie/65b57ee820cf3d858c36062 - - - - ms[39m
[35m[39m
2024-01-27 23:52:43:5243 - [35mhttp[39m: [35mGET /api/movie/65b57ee820cf3d858c36062c 200 - - 19.066 ms[39m
[35m[39m
2024-01-27 23:52:44:5244 - [35mhttp[39m: [35mGET /api/movie/65b57ee820cf3d858c36062c 200 - - 13.610 ms[39m
[35m[39m
2024-01-27 23:52:53:5253 - [32minfo[39m: [32mConexão com Banco de Dados[39m
2024-01-27 23:52:53:5253 - [32minfo[39m: [32mAplicação rodando na porta: 3000[39m
2024-01-27 23:53:06:536 - [35mhttp[39m: [35mGET /api/movie/65b57ee820cf3d858c36062c 200 - - 28.531 ms[39m
[35m[39m
2024-01-27 23:53:07:537 - [35mhttp[39m: [35mGET /api/movie/65b57ee820cf3d858c36062c 200 - - 15.299 ms[39m
[35m[39m
2024-01-27 23:53:10:5310 - [31merror[39m: [31mErro no sistema: Cast to ObjectId failed for value "65b57ee820cf3d858c36062" (type string) at path "_id" for model "Movie"[39m
2024-01-27 23:53:14:5314 - [35mhttp[39m: [35mGET /api/movie/65b57ee820cf3d858c36062 - - - - ms[39m
[35m[39m
2024-01-27 23:53:15:5315 - [35mhttp[39m: [35mGET /api/movie/65b57ee820cf3d858c36062c 200 - - 15.254 ms[39m
[35m[39m
2024-01-27 23:55:57:5557 - [32minfo[39m: [32mConexão com Banco de Dados[39m
2024-01-27 23:55:57:5557 - [32minfo[39m: [32mAplicação rodando na porta: 3000[39m
2024-01-27 23:56:14:5614 - [32minfo[39m: [32mConexão com Banco de Dados[39m
2024-01-27 23:56:14:5614 - [32minfo[39m: [32mAplicação rodando na porta: 3000[39m
2024-01-27 23:56:20:5620 - [35mhttp[39m: [35mGET /api/movie/65b57ee820cf3d858c36062c 200 - - 29.941 ms[39m
[35m[39m
2024-01-27 23:56:23:5623 - [35mhttp[39m: [35mGET /api/movie/65b57ee820cf3d858c36062 404 - - 2.251 ms[39m
[35m[39m
2024-01-27 23:56:28:5628 - [35mhttp[39m: [35mGET /api/movie/65b57ee820cf3d858c36062c 200 - - 12.411 ms[39m
[35m[39m
2024-01-27 23:56:58:5658 - [32minfo[39m: [32mConexão com Banco de Dados[39m
2024-01-27 23:56:58:5658 - [32minfo[39m: [32mAplicação rodando na porta: 3000[39m
2024-01-27 23:57:01:571 - [35mhttp[39m: [35mGET /api/movie/65b57ee820cf3d858c36062c 200 - - 30.726 ms[39m
[35m[39m
2024-01-27 23:57:06:576 - [31merror[39m: [31mErro no sistema: Cast to ObjectId failed for value "65b57ee820cf3d858c36062" (type string) at path "_id" for model "Movie"[39m
2024-01-27 23:57:14:5714 - [35mhttp[39m: [35mGET /api/movie/65b57ee820cf3d858c36062 - - - - ms[39m
[35m[39m
2024-01-27 23:57:22:5722 - [35mhttp[39m: [35mGET /api/movie/65b57ee820cf3d858c36062c 200 - - 16.985 ms[39m
[35m[39m
2024-01-27 23:57:26:5726 - [32minfo[39m: [32mConexão com Banco de Dados[39m
2024-01-27 23:57:26:5726 - [32minfo[39m: [32mAplicação rodando na porta: 3000[39m
2024-01-27 23:57:30:5730 - [35mhttp[39m: [35mGET /api/movie/65b57ee820cf3d858c36062c - - - - ms[39m
[35m[39m
2024-01-27 23:57:32:5732 - [35mhttp[39m: [35mGET /api/movie/65b57ee820cf3d858c36062c - - - - ms[39m
[35m[39m
2024-01-27 23:57:50:5750 - [32minfo[39m: [32mConexão com Banco de Dados[39m
2024-01-27 23:57:50:5750 - [32minfo[39m: [32mAplicação rodando na porta: 3000[39m
2024-01-28 09:38:36:3836 - [35mhttp[39m: [35mGET /api/movie/65b57ee820cf3d858c36062c 200 - - 299.352 ms[39m
[35m[39m
2024-01-28 09:38:42:3842 - [35mhttp[39m: [35mGET /api/movie/65b57ee820cf3d858c36062cc 404 - - 1.547 ms[39m
[35m[39m
2024-01-28 09:38:47:3847 - [35mhttp[39m: [35mGET /api/movie/65b57ee820cf3d858c36062c 200 - - 52.424 ms[39m
[35m[39m
2024-01-28 09:40:05:405 - [32minfo[39m: [32mConexão com Banco de Dados[39m
2024-01-28 09:40:05:405 - [32minfo[39m: [32mAplicação rodando na porta: 3000[39m
2024-01-28 09:40:05:405 - [35mhttp[39m: [35mGET /api/movie/65b57ee820cf3d858c36062c 200 - - 441.959 ms[39m
[35m[39m
2024-01-28 09:40:07:407 - [35mhttp[39m: [35mGET /api/movie/65b57ee820cf3d858c36062c 200 - - 22.700 ms[39m
[35m[39m
2024-01-28 09:40:08:408 - [35mhttp[39m: [35mGET /api/movie/65b57ee820cf3d858c36062c 200 - - 14.209 ms[39m
[35m[39m
2024-01-28 09:40:11:4011 - [35mhttp[39m: [35mGET /api/movie/65b57ee820cf3d858c360622 404 - - 13.514 ms[39m
[35m[39m
2024-01-28 09:41:00:410 - [32minfo[39m: [32mConexão com Banco de Dados[39m
2024-01-28 09:41:00:410 - [32minfo[39m: [32mAplicação rodando na porta: 3000[39m
2024-01-28 09:41:02:412 - [35mhttp[39m: [35mGET /api/movie/65b57ee820cf3d858c360622 404 - - 25.334 ms[39m
[35m[39m
2024-01-28 09:41:04:414 - [31merror[39m: [31mCast to ObjectId failed for value "65b57ee820cf3d858c36062" (type string) at path "_id" for model "Movie"[39m
2024-01-28 09:41:10:4110 - [35mhttp[39m: [35mGET /api/movie/65b57ee820cf3d858c36062 - - - - ms[39m
[35m[39m
2024-01-28 09:41:13:4113 - [35mhttp[39m: [35mGET /api/movie/65b57ee820cf3d858c36062c 200 - - 18.864 ms[39m
[35m[39m
2024-01-28 09:41:23:4123 - [35mhttp[39m: [35mGET /api/movie/65b57ee820cf3d858c360622 404 - - 11.778 ms[39m
[35m[39m
2024-01-28 09:41:27:4127 - [31merror[39m: [31mCast to ObjectId failed for value "65b57ee820cf3d858c36062" (type string) at path "_id" for model "Movie"[39m
2024-01-28 09:41:30:4130 - [35mhttp[39m: [35mGET /api/movie/65b57ee820cf3d858c36062 - - - - ms[39m
[35m[39m
2024-01-28 09:41:31:4131 - [35mhttp[39m: [35mGET /api/movie/65b57ee820cf3d858c36062c 200 - - 11.891 ms[39m
[35m[39m
2024-01-28 09:41:55:4155 - [32minfo[39m: [32mConexão com Banco de Dados[39m
2024-01-28 09:41:55:4155 - [32minfo[39m: [32mAplicação rodando na porta: 3000[39m
2024-01-28 09:42:00:420 - [35mhttp[39m: [35mGET /api/movie/65b57ee820cf3d858c360622 404 - - 28.445 ms[39m
[35m[39m
2024-01-28 09:42:04:424 - [35mhttp[39m: [35mGET /api/movie/65b57ee820cf3d858c36062c 200 - - 19.333 ms[39m
[35m[39m
2024-01-28 09:42:08:428 - [35mhttp[39m: [35mGET /api/movie/65b57ee820cf3d858c36062 404 - - 1.024 ms[39m
[35m[39m
2024-01-28 09:42:11:4211 - [35mhttp[39m: [35mGET /api/movie/65b57ee820cf3d858c360622 404 - - 15.353 ms[39m
[35m[39m
2024-01-28 09:42:14:4214 - [35mhttp[39m: [35mGET /api/movie/65b57ee820cf3d858c36062c 200 - - 12.901 ms[39m
[35m[39m
2024-01-28 09:44:03:443 - [32minfo[39m: [32mConexão com Banco de Dados[39m
2024-01-28 09:44:03:443 - [32minfo[39m: [32mAplicação rodando na porta: 3000[39m
2024-01-28 09:44:04:444 - [35mhttp[39m: [35mGET /api/movie/65b57ee820cf3d858c36062c 200 - - 30.581 ms[39m
[35m[39m
2024-01-28 09:44:08:448 - [35mhttp[39m: [35mGET /api/movie/65b57ee820cf3d858c360622 404 - - 12.236 ms[39m
[35m[39m
2024-01-28 09:44:11:4411 - [35mhttp[39m: [35mGET /api/movie/65b57ee820cf3d858c36062 404 - - 1.060 ms[39m
[35m[39m
2024-01-28 09:44:14:4414 - [35mhttp[39m: [35mGET /api/movie/65b57ee820cf3d858c360622 404 - - 12.762 ms[39m
[35m[39m
2024-01-28 09:44:20:4420 - [35mhttp[39m: [35mGET /api/movie/65b57ee820cf3d858c36062c 200 - - 13.634 ms[39m
[35m[39m
2024-01-28 09:58:38:5838 - [32minfo[39m: [32mConexão com Banco de Dados[39m
2024-01-28 09:58:38:5838 - [32minfo[39m: [32mAplicação rodando na porta: 3000[39m
2024-01-28 09:59:15:5915 - [32minfo[39m: [32mConexão com Banco de Dados[39m
2024-01-28 09:59:15:5915 - [32minfo[39m: [32mAplicação rodando na porta: 3000[39m
2024-01-28 10:00:36:036 - [35mhttp[39m: [35mGET /api//movies 200 - - 26.150 ms[39m
[35m[39m
2024-01-28 10:23:41:2341 - [32minfo[39m: [32mConexão com Banco de Dados[39m
2024-01-28 10:23:41:2341 - [32minfo[39m: [32mAplicação rodando na porta: 3000[39m
2024-01-28 10:24:19:2419 - [32minfo[39m: [32mConexão com Banco de Dados[39m
2024-01-28 10:24:19:2419 - [32minfo[39m: [32mAplicação rodando na porta: 3000[39m
2024-01-28 10:24:56:2456 - [32minfo[39m: [32mConexão com Banco de Dados[39m
2024-01-28 10:24:56:2456 - [32minfo[39m: [32mAplicação rodando na porta: 3000[39m
2024-01-28 10:24:58:2458 - [32minfo[39m: [32mConexão com Banco de Dados[39m
2024-01-28 10:24:58:2458 - [32minfo[39m: [32mAplicação rodando na porta: 3000[39m
2024-01-28 10:26:03:263 - [35mhttp[39m: [35mDELETE /api//movies/65b54b87d62594242aee5b61 404 - - 4.012 ms[39m
[35m[39m
2024-01-28 10:26:19:2619 - [35mhttp[39m: [35mDELETE /api//movie/65b54b87d62594242aee5b61 200 - - 27.957 ms[39m
[35m[39m
2024-01-28 10:29:29:2929 - [35mhttp[39m: [35mDELETE /api//movie/65b557103680c4a50a0bdbee 200 - - 10.865 ms[39m
[35m[39m
2024-01-28 10:30:09:309 - [35mhttp[39m: [35mDELETE /api//movie/65b557103680c4a50a0bdbee 200 - - 15.471 ms[39m
[35m[39m
2024-01-28 10:31:00:310 - [32minfo[39m: [32mConexão com Banco de Dados[39m
2024-01-28 10:31:00:310 - [32minfo[39m: [32mAplicação rodando na porta: 3000[39m
2024-01-28 10:31:01:311 - [35mhttp[39m: [35mDELETE /api//movie/65b557103680c4a50a0bdbee 200 - - 29.455 ms[39m
[35m[39m
2024-01-28 10:31:04:314 - [35mhttp[39m: [35mDELETE /api//movie/65b557103680c4a50a0bdbee 200 - - 14.482 ms[39m
[35m[39m
2024-01-28 10:31:05:315 - [35mhttp[39m: [35mDELETE /api//movie/65b557103680c4a50a0bdbee 200 - - 13.919 ms[39m
[35m[39m
2024-01-28 10:32:21:3221 - [32minfo[39m: [32mConexão com Banco de Dados[39m
2024-01-28 10:32:21:3221 - [32minfo[39m: [32mAplicação rodando na porta: 3000[39m
2024-01-28 10:32:24:3224 - [35mhttp[39m: [35mDELETE /api//movie/65b557103680c4a50a0bdbee 200 - - 51.710 ms[39m
[35m[39m
2024-01-28 10:32:25:3225 - [35mhttp[39m: [35mDELETE /api//movie/65b557103680c4a50a0bdbee 404 - - 12.667 ms[39m
[35m[39m
2024-01-28 10:32:53:3253 - [35mhttp[39m: [35mDELETE /api//movie/65b54b87d62594242aee5b62 404 - - 12.146 ms[39m
[35m[39m
2024-01-28 10:32:58:3258 - [35mhttp[39m: [35mDELETE /api//movie/65b54b87d62594242aee5b6 404 - - 1.470 ms[39m
[35m[39m
2024-01-28 10:33:01:331 - [35mhttp[39m: [35mDELETE /api//movie/65b54b87d62594242aee5b61 200 - - 41.667 ms[39m
[35m[39m
2024-01-28 10:33:28:3328 - [35mhttp[39m: [35mDELETE /api//movie/65b57ee820cf3d858c36062c 200 - - 39.646 ms[39m
[35m[39m
2024-01-28 10:33:34:3334 - [35mhttp[39m: [35mDELETE /api//movie/65b57ee820cf3d858c36062c 404 - - 11.221 ms[39m
[35m[39m
2024-01-28 12:06:57:657 - [32minfo[39m: [32mConexão com Banco de Dados[39m
2024-01-28 12:06:57:657 - [32minfo[39m: [32mAplicação rodando na porta: 3000[39m
2024-01-28 12:07:16:716 - [35mhttp[39m: [35mGET /api//movies 200 - - 35.959 ms[39m
[35m[39m
2024-01-28 12:08:09:89 - [35mhttp[39m: [35mPATCH /api//movie/65b5bc45ed791c3e6cef506f 404 - - 1.646 ms[39m
[35m[39m
2024-01-28 12:27:09:279 - [35mhttp[39m: [35mPATCH /api//movie/65b5bc45ed791c3e6cef506f 404 - - 0.538 ms[39m
[35m[39m
2024-01-28 12:27:20:2720 - [35mhttp[39m: [35mPATCH /api//movie/65b5bc45ed791c3e6cef506f 404 - - 0.534 ms[39m
[35m[39m
2024-01-28 12:27:30:2730 - [35mhttp[39m: [35mPATCH /api//movie65b5bc45ed791c3e6cef506f 404 - - 0.410 ms[39m
[35m[39m
2024-01-28 12:27:40:2740 - [35mhttp[39m: [35mPATCH /api/movie/65b5bc45ed791c3e6cef506f 404 - - 0.456 ms[39m
[35m[39m
2024-01-28 12:28:30:2830 - [35mhttp[39m: [35mPATCH /api/movie/65b5bc45ed791c3e6cef506f 404 - - 0.408 ms[39m
[35m[39m
2024-01-28 12:28:32:2832 - [35mhttp[39m: [35mPATCH /api/movie/65b5bc45ed791c3e6cef506f 404 - - 0.404 ms[39m
[35m[39m
2024-01-28 12:29:18:2918 - [32minfo[39m: [32mConexão com Banco de Dados[39m
2024-01-28 12:29:18:2918 - [32minfo[39m: [32mAplicação rodando na porta: 3000[39m
2024-01-28 12:29:19:2919 - [35mhttp[39m: [35mPATCH /api/movie/65b5bc45ed791c3e6cef506f 404 - - 2.647 ms[39m
[35m[39m
2024-01-28 12:29:21:2921 - [35mhttp[39m: [35mPATCH /api/movie/65b5bc45ed791c3e6cef506f 404 - - 0.727 ms[39m
[35m[39m
2024-01-28 12:29:22:2922 - [35mhttp[39m: [35mPATCH /api/movie/65b5bc45ed791c3e6cef506f 404 - - 0.764 ms[39m
[35m[39m
2024-01-28 12:29:30:2930 - [35mhttp[39m: [35mPATCH /api/movie/65b5bc45ed791c3e6cef506f 404 - - 0.597 ms[39m
[35m[39m
2024-01-28 12:30:35:3035 - [32minfo[39m: [32mConexão com Banco de Dados[39m
2024-01-28 12:30:35:3035 - [32minfo[39m: [32mAplicação rodando na porta: 3000[39m
2024-01-28 12:30:38:3038 - [35mhttp[39m: [35mPATCH /api/movie/65b5bc45ed791c3e6cef506f 404 - - 2.369 ms[39m
[35m[39m
2024-01-28 12:30:40:3040 - [35mhttp[39m: [35mPATCH /api/movie/65b5bc45ed791c3e6cef506f 404 - - 0.999 ms[39m
[35m[39m
2024-01-28 12:30:41:3041 - [35mhttp[39m: [35mPATCH /api/movie/65b5bc45ed791c3e6cef506f 404 - - 0.594 ms[39m
[35m[39m
2024-01-28 12:33:44:3344 - [32minfo[39m: [32mConexão com Banco de Dados[39m
2024-01-28 12:33:44:3344 - [32minfo[39m: [32mAplicação rodando na porta: 3000[39m
2024-01-28 12:33:45:3345 - [35mhttp[39m: [35mPATCH /api/movie/65b5bc45ed791c3e6cef506f 404 - - 3.583 ms[39m
[35m[39m
2024-01-28 12:33:46:3346 - [35mhttp[39m: [35mPATCH /api/movie/65b5bc45ed791c3e6cef506f 404 - - 0.697 ms[39m
[35m[39m
2024-01-28 12:33:47:3347 - [35mhttp[39m: [35mPATCH /api/movie/65b5bc45ed791c3e6cef506f 404 - - 0.625 ms[39m
[35m[39m
2024-01-28 13:05:39:539 - [32minfo[39m: [32mConexão com Banco de Dados[39m
2024-01-28 13:05:39:539 - [32minfo[39m: [32mAplicação rodando na porta: 3000[39m
2024-01-28 13:05:41:541 - [35mhttp[39m: [35mPATCH /api/movie/65b5bc45ed791c3e6cef506f 404 - - 3.333 ms[39m
[35m[39m
2024-01-28 13:05:42:542 - [35mhttp[39m: [35mPATCH /api/movie/65b5bc45ed791c3e6cef506f 404 - - 0.643 ms[39m
[35m[39m
2024-01-28 13:05:43:543 - [35mhttp[39m: [35mPATCH /api/movie/65b5bc45ed791c3e6cef506f 404 - - 0.557 ms[39m
[35m[39m
2024-01-28 13:06:46:646 - [32minfo[39m: [32mConexão com Banco de Dados[39m
2024-01-28 13:06:46:646 - [32minfo[39m: [32mAplicação rodando na porta: 3000[39m
2024-01-28 13:06:53:653 - [35mhttp[39m: [35mPATCH /api/movie/65b5bc45ed791c3e6cef506f 404 - - 3.123 ms[39m
[35m[39m
2024-01-28 13:06:55:655 - [35mhttp[39m: [35mPATCH /api/movie/65b5bc45ed791c3e6cef506f 404 - - 0.901 ms[39m
[35m[39m
2024-01-28 13:06:56:656 - [35mhttp[39m: [35mPATCH /api/movie/65b5bc45ed791c3e6cef506f 404 - - 0.424 ms[39m
[35m[39m
2024-01-28 13:07:25:725 - [32minfo[39m: [32mConexão com Banco de Dados[39m
2024-01-28 13:07:25:725 - [32minfo[39m: [32mAplicação rodando na porta: 3000[39m
2024-01-28 13:07:57:757 - [35mhttp[39m: [35mPATCH /api/movie/65b5bc45ed791c3e6cef506f 404 - - 3.916 ms[39m
[35m[39m
2024-01-28 13:07:58:758 - [35mhttp[39m: [35mPATCH /api/movie/65b5bc45ed791c3e6cef506f 404 - - 0.714 ms[39m
[35m[39m
2024-01-28 13:08:39:839 - [32minfo[39m: [32mConexão com Banco de Dados[39m
2024-01-28 13:08:39:839 - [32minfo[39m: [32mAplicação rodando na porta: 3000[39m
2024-01-28 13:08:41:841 - [32minfo[39m: [32mConexão com Banco de Dados[39m
2024-01-28 13:08:41:841 - [32minfo[39m: [32mAplicação rodando na porta: 3000[39m
2024-01-28 13:08:44:844 - [35mhttp[39m: [35mPATCH /api/movie/65b5bc45ed791c3e6cef506f 200 - - 54.840 ms[39m
[35m[39m
2024-01-28 13:08:56:856 - [35mhttp[39m: [35mPATCH /api//movie/65b5bc45ed791c3e6cef506f 200 - - 33.127 ms[39m
[35m[39m
2024-01-28 13:09:07:97 - [35mhttp[39m: [35mPATCH /api//movie/65b5bc45ed791c3e6cef506f 200 - - 31.140 ms[39m
[35m[39m
2024-01-28 13:09:14:914 - [35mhttp[39m: [35mGET /api//movies 200 - - 15.169 ms[39m
[35m[39m
2024-01-28 14:15:58:1558 - [32minfo[39m: [32mConexão com Banco de Dados[39m
2024-01-28 14:15:58:1558 - [32minfo[39m: [32mAplicação rodando na porta: 3000[39m
2024-01-28 14:21:41:2141 - [32minfo[39m: [32mConexão com Banco de Dados[39m
2024-01-28 14:21:41:2141 - [32minfo[39m: [32mAplicação rodando na porta: 3000[39m
2024-01-28 14:22:20:2220 - [35mhttp[39m: [35mGET /api/movie/65b5bc45ed791c3e6cef506f 200 - - 32.585 ms[39m
[35m[39m
